2019-06-08T04:10:19.043Z - normal: Load ~/.CocosCreator/settings.json
2019-06-08T04:10:19.087Z - normal: Initializing Asset Database
2019-06-08T04:10:19.090Z - normal: checking language setting...
2019-06-08T04:10:19.090Z - normal: Language: zh
2019-06-08T04:10:19.848Z - success: preview server running at http://localhost:7456
2019-06-08T04:10:19.884Z - success: protocol editor-framework registered
2019-06-08T04:10:19.885Z - success: protocol app registered
2019-06-08T04:10:19.885Z - success: protocol theme registered
2019-06-08T04:10:19.885Z - success: protocol packages registered
2019-06-08T04:10:19.885Z - success: protocol uuid registerred
2019-06-08T04:10:19.885Z - success: protocol db registerred
2019-06-08T04:10:19.885Z - success: protocol thumbnail registerred
2019-06-08T04:10:19.885Z - success: protocol unpack registerred
2019-06-08T04:10:19.885Z - success: protocol disable-commonjs registerred
2019-06-08T04:10:22.849Z - normal: failed to connect login server due to request timeout
2019-06-08T04:10:22.850Z - normal: Check project /Users/cloud/Chress
2019-06-08T04:10:22.852Z - normal: Initializing project /Users/cloud/Chress
2019-06-08T04:10:23.504Z - normal: Initializing Cocos2d
2019-06-08T04:10:24.195Z - normal: Initializing engine extends
2019-06-08T04:10:24.198Z - normal: Loading editor/builtin packages from /Applications/CocosCreator.app/Contents/Resources/app.asar/editor/builtin
2019-06-08T04:10:24.210Z - normal: Loading builtin packages from /Applications/CocosCreator.app/Contents/Resources/builtin
2019-06-08T04:10:25.094Z - success: assets loaded
2019-06-08T04:10:25.095Z - success: asset-db-debugger loaded
2019-06-08T04:10:25.145Z - success: builder loaded
2019-06-08T04:10:25.145Z - success: color-picker loaded
2019-06-08T04:10:25.286Z - success: cocos-analytics loaded
2019-06-08T04:10:25.292Z - success: google-play-instant loaded
2019-06-08T04:10:25.306Z - success: console loaded
2019-06-08T04:10:25.307Z - success: jsb-adapter loaded
2019-06-08T04:10:25.435Z - success: fb-instant-games loaded
2019-06-08T04:10:25.436Z - success: oppo-runtime loaded
2019-06-08T04:10:25.448Z - success: google-instant-games loaded
2019-06-08T04:10:25.448Z - success: package-manager loaded
2019-06-08T04:10:25.598Z - success: hierarchy loaded
2019-06-08T04:10:25.599Z - success: qqplay-adapter loaded
2019-06-08T04:10:25.617Z - success: inspector loaded
2019-06-08T04:10:25.617Z - success: sdkbox loaded
2019-06-08T04:10:25.628Z - success: keystore loaded
2019-06-08T04:10:25.628Z - success: tester loaded
2019-06-08T04:10:25.643Z - success: node-library loaded
2019-06-08T04:10:25.643Z - success: ui-grid loaded
2019-06-08T04:10:25.749Z - success: package-asset loaded
2019-06-08T04:10:25.750Z - success: ui-kit-preview-extra loaded
2019-06-08T04:10:25.761Z - success: preferences loaded
2019-06-08T04:10:25.761Z - success: ui-kit-preview loaded
2019-06-08T04:10:25.778Z - success: project-exporter loaded
2019-06-08T04:10:25.779Z - success: ui-kit loaded
2019-06-08T04:10:25.804Z - success: project-importer loaded
2019-06-08T04:10:25.804Z - success: ui-tree loaded
2019-06-08T04:10:25.817Z - success: project-settings loaded
2019-06-08T04:10:25.818Z - success: vivo-runtime loaded
2019-06-08T04:10:25.830Z - success: scene loaded
2019-06-08T04:10:25.831Z - success: weapp-adapter loaded
2019-06-08T04:10:25.832Z - success: simulator-debugger loaded
2019-06-08T04:10:25.834Z - success: sprite-editor loaded
2019-06-08T04:10:25.849Z - success: store loaded
2019-06-08T04:10:25.860Z - success: timeline loaded
2019-06-08T04:10:26.342Z - normal: Loading packages
2019-06-08T04:10:26.369Z - normal: Watching packages
2019-06-08T04:10:26.425Z - normal: Run Application
